  cylinder.cpp
C:\Users\Herb Yang\Dropbox\Courses\CMPUT 411\2020\Assignment6\RaytracingCode-2018\2018Solutions\objects\src\cylinder.cpp(8,10): fatal error C1083: Cannot open include file: 'cylinder.h': No such file or directory
  disk.cpp
C:\Users\Herb Yang\Dropbox\Courses\CMPUT 411\2020\Assignment6\RaytracingCode-2018\2018Solutions\objects\src\disk.cpp(8,10): fatal error C1083: Cannot open include file: 'disk.h': No such file or directory
  main.cpp
C:\Users\Herb Yang\Dropbox\Courses\CMPUT 411\2020\Assignment6\RaytracingCode-2018\2018Solutions\objects\src\main.cpp(7,10): fatal error C1083: Cannot open include file: 'imageviewer.h': No such file or directory
  plucker.cpp
C:\Users\Herb Yang\Dropbox\Courses\CMPUT 411\2020\Assignment6\RaytracingCode-2018\2018Solutions\objects\src\plucker.cpp : fatal error C1041: cannot open program database 'C:\Users\Herb Yang\Dropbox\Courses\CMPUT 411\2020\Assignment6\RaytracingCode-2018\2018Solutions\objects\object\object\Debug\vc142.idb'; if multiple CL.EXE write to the same .PDB file, please use /FS
  poly.cpp
C:\Users\Herb Yang\Dropbox\Courses\CMPUT 411\2020\Assignment6\RaytracingCode-2018\2018Solutions\objects\src\poly.cpp(9,10): fatal error C1083: Cannot open include file: 'poly.h': No such file or directory
  sphere.cpp
C:\Users\Herb Yang\Dropbox\Courses\CMPUT 411\2020\Assignment6\RaytracingCode-2018\2018Solutions\objects\src\sphere.cpp : fatal error C1041: cannot open program database 'C:\Users\Herb Yang\Dropbox\Courses\CMPUT 411\2020\Assignment6\RaytracingCode-2018\2018Solutions\objects\object\object\Debug\vc142.pdb'; if multiple CL.EXE write to the same .PDB file, please use /FS
  Generating Code...
C:\Program Files (x86)\Microsoft Visual Studio\2019\Community\MSBuild\Microsoft\VC\v160\Microsoft.CppCommon.targets(518,5): error MSB6003: The specified task executable "CL.exe" could not be run. System.IO.IOException: The requested operation cannot be performed on a file with a user-mapped section open.
C:\Program Files (x86)\Microsoft Visual Studio\2019\Community\MSBuild\Microsoft\VC\v160\Microsoft.CppCommon.targets(518,5): error MSB6003: 
C:\Program Files (x86)\Microsoft Visual Studio\2019\Community\MSBuild\Microsoft\VC\v160\Microsoft.CppCommon.targets(518,5): error MSB6003:    at System.IO.__Error.WinIOError(Int32 errorCode, String maybeFullPath)
C:\Program Files (x86)\Microsoft Visual Studio\2019\Community\MSBuild\Microsoft\VC\v160\Microsoft.CppCommon.targets(518,5): error MSB6003:    at System.IO.FileStream.Init(String path, FileMode mode, FileAccess access, Int32 rights, Boolean useRights, FileShare share, Int32 bufferSize, FileOptions options, SECURITY_ATTRIBUTES secAttrs, String msgPath, Boolean bFromProxy, Boolean useLongPath, Boolean checkHost)
C:\Program Files (x86)\Microsoft Visual Studio\2019\Community\MSBuild\Microsoft\VC\v160\Microsoft.CppCommon.targets(518,5): error MSB6003:    at System.IO.FileStream..ctor(String path, FileMode mode, FileAccess access, FileShare share, Int32 bufferSize, FileOptions options, String msgPath, Boolean bFromProxy, Boolean useLongPath, Boolean checkHost)
C:\Program Files (x86)\Microsoft Visual Studio\2019\Community\MSBuild\Microsoft\VC\v160\Microsoft.CppCommon.targets(518,5): error MSB6003:    at System.IO.StreamWriter.CreateFile(String path, Boolean append, Boolean checkHost)
C:\Program Files (x86)\Microsoft Visual Studio\2019\Community\MSBuild\Microsoft\VC\v160\Microsoft.CppCommon.targets(518,5): error MSB6003:    at System.IO.StreamWriter..ctor(String path, Boolean append, Encoding encoding, Int32 bufferSize, Boolean checkHost)
C:\Program Files (x86)\Microsoft Visual Studio\2019\Community\MSBuild\Microsoft\VC\v160\Microsoft.CppCommon.targets(518,5): error MSB6003:    at System.IO.File.InternalWriteAllText(String path, String contents, Encoding encoding, Boolean checkHost)
C:\Program Files (x86)\Microsoft Visual Studio\2019\Community\MSBuild\Microsoft\VC\v160\Microsoft.CppCommon.targets(518,5): error MSB6003:    at System.IO.File.WriteAllText(String path, String contents, Encoding encoding)
C:\Program Files (x86)\Microsoft Visual Studio\2019\Community\MSBuild\Microsoft\VC\v160\Microsoft.CppCommon.targets(518,5): error MSB6003:    at Microsoft.Build.Utilities.CanonicalTrackedOutputFiles.SaveTlog(DependencyFilter includeInTLog)
C:\Program Files (x86)\Microsoft Visual Studio\2019\Community\MSBuild\Microsoft\VC\v160\Microsoft.CppCommon.targets(518,5): error MSB6003:    at Microsoft.Build.CPPTasks.CL.PostExecuteTool(Int32 exitCode)
C:\Program Files (x86)\Microsoft Visual Studio\2019\Community\MSBuild\Microsoft\VC\v160\Microsoft.CppCommon.targets(518,5): error MSB6003:    at Microsoft.Build.CPPTasks.TrackedVCToolTask.ExecuteTool(String pathToTool, String responseFileCommands, String commandLineCommands)
C:\Program Files (x86)\Microsoft Visual Studio\2019\Community\MSBuild\Microsoft\VC\v160\Microsoft.CppCommon.targets(518,5): error MSB6003:    at Microsoft.Build.Utilities.ToolTask.Execute()
